<?xml version="1.0" encoding="UTF-8"?>
<!-- Generated by org.testng.reporters.JUnitReportReporter -->
<testsuite skipped="0" hostname="DESKTOP-5VKP832" name="tests.Tests" tests="1" failures="0" timestamp="2021-07-18T15:01:32 EDT" time="88.412" errors="0">
  <testcase name="testingUrl" time="88.412" classname="tests.Tests"/>
</testsuite> <!-- tests.Tests -->
